{"/Users/jhoancanchila/Documents/fresh-fruit-web/src/App.jsx": {"path":"/Users/jhoancanchila/Documents/fresh-fruit-web/src/App.jsx","statementMap":{"0":{"start":{"line":9,"column":2},"end":{"line":19,"column":3}}},"fnMap":{"0":{"name":"App","decl":{"start":{"line":7,"column":9},"end":{"line":7,"column":12}},"loc":{"start":{"line":7,"column":15},"end":{"line":20,"column":1}},"line":7}},"branchMap":{},"s":{"0":0},"f":{"0":0},"b":{}}
,"/Users/jhoancanchila/Documents/fresh-fruit-web/src/main.jsx": {"path":"/Users/jhoancanchila/Documents/fresh-fruit-web/src/main.jsx","statementMap":{"0":{"start":{"line":6,"column":0},"end":{"line":10,"column":1}}},"fnMap":{},"branchMap":{},"s":{"0":0},"f":{},"b":{}}
,"/Users/jhoancanchila/Documents/fresh-fruit-web/src/components/Card/Card.jsx": {"path":"/Users/jhoancanchila/Documents/fresh-fruit-web/src/components/Card/Card.jsx","statementMap":{"0":{"start":{"line":8,"column":13},"end":{"line":43,"column":1}},"1":{"start":{"line":15,"column":2},"end":{"line":42,"column":3}}},"fnMap":{"0":{"name":"(anonymous_0)","decl":{"start":{"line":8,"column":13},"end":{"line":8,"column":14}},"loc":{"start":{"line":14,"column":6},"end":{"line":43,"column":1}},"line":14}},"branchMap":{"0":{"loc":{"start":{"line":19,"column":10},"end":{"line":27,"column":12}},"type":"cond-expr","locations":[{"start":{"line":20,"column":10},"end":{"line":20,"column":47}},{"start":{"line":22,"column":10},"end":{"line":27,"column":12}}],"line":19},"1":{"loc":{"start":{"line":31,"column":13},"end":{"line":31,"column":41}},"type":"cond-expr","locations":[{"start":{"line":31,"column":23},"end":{"line":31,"column":34}},{"start":{"line":31,"column":37},"end":{"line":31,"column":41}}],"line":31},"2":{"loc":{"start":{"line":37,"column":61},"end":{"line":37,"column":90}},"type":"cond-expr","locations":[{"start":{"line":37,"column":71},"end":{"line":37,"column":82}},{"start":{"line":37,"column":85},"end":{"line":37,"column":90}}],"line":37}},"s":{"0":0,"1":0},"f":{"0":0},"b":{"0":[0,0],"1":[0,0],"2":[0,0]}}
,"/Users/jhoancanchila/Documents/fresh-fruit-web/src/components/ContainerCards/ContainerCards.jsx": {"path":"/Users/jhoancanchila/Documents/fresh-fruit-web/src/components/ContainerCards/ContainerCards.jsx","statementMap":{"0":{"start":{"line":9,"column":23},"end":{"line":37,"column":1}},"1":{"start":{"line":10,"column":27},"end":{"line":10,"column":44}},"2":{"start":{"line":11,"column":17},"end":{"line":11,"column":44}},"3":{"start":{"line":12,"column":34},"end":{"line":12,"column":74}},"4":{"start":{"line":14,"column":2},"end":{"line":16,"column":3}},"5":{"start":{"line":15,"column":4},"end":{"line":15,"column":100}},"6":{"start":{"line":17,"column":2},"end":{"line":36,"column":3}},"7":{"start":{"line":30,"column":34},"end":{"line":30,"column":89}},"8":{"start":{"line":31,"column":25},"end":{"line":31,"column":139}}},"fnMap":{"0":{"name":"(anonymous_0)","decl":{"start":{"line":9,"column":23},"end":{"line":9,"column":24}},"loc":{"start":{"line":9,"column":29},"end":{"line":37,"column":1}},"line":9},"1":{"name":"(anonymous_1)","decl":{"start":{"line":30,"column":25},"end":{"line":30,"column":26}},"loc":{"start":{"line":30,"column":34},"end":{"line":30,"column":89}},"line":30},"2":{"name":"(anonymous_2)","decl":{"start":{"line":31,"column":17},"end":{"line":31,"column":18}},"loc":{"start":{"line":31,"column":25},"end":{"line":31,"column":139}},"line":31}},"branchMap":{"0":{"loc":{"start":{"line":11,"column":17},"end":{"line":11,"column":44}},"type":"binary-expr","locations":[{"start":{"line":11,"column":17},"end":{"line":11,"column":38}},{"start":{"line":11,"column":42},"end":{"line":11,"column":44}}],"line":11},"1":{"loc":{"start":{"line":14,"column":2},"end":{"line":16,"column":3}},"type":"if","locations":[{"start":{"line":14,"column":2},"end":{"line":16,"column":3}},{"start":{},"end":{}}],"line":14}},"s":{"0":0,"1":0,"2":0,"3":0,"4":0,"5":0,"6":0,"7":0,"8":0},"f":{"0":0,"1":0,"2":0},"b":{"0":[0,0],"1":[0,0]}}
,"/Users/jhoancanchila/Documents/fresh-fruit-web/src/components/Input/Input.jsx": {"path":"/Users/jhoancanchila/Documents/fresh-fruit-web/src/components/Input/Input.jsx","statementMap":{"0":{"start":{"line":2,"column":14},"end":{"line":18,"column":1}},"1":{"start":{"line":7,"column":2},"end":{"line":17,"column":3}},"2":{"start":{"line":14,"column":25},"end":{"line":14,"column":76}}},"fnMap":{"0":{"name":"(anonymous_0)","decl":{"start":{"line":2,"column":14},"end":{"line":2,"column":15}},"loc":{"start":{"line":6,"column":23},"end":{"line":18,"column":1}},"line":6},"1":{"name":"(anonymous_1)","decl":{"start":{"line":14,"column":18},"end":{"line":14,"column":19}},"loc":{"start":{"line":14,"column":25},"end":{"line":14,"column":76}},"line":14}},"branchMap":{},"s":{"0":0,"1":0,"2":0},"f":{"0":0,"1":0},"b":{}}
,"/Users/jhoancanchila/Documents/fresh-fruit-web/src/components/InputSearch/InputSearch.jsx": {"path":"/Users/jhoancanchila/Documents/fresh-fruit-web/src/components/InputSearch/InputSearch.jsx","statementMap":{"0":{"start":{"line":4,"column":20},"end":{"line":17,"column":1}},"1":{"start":{"line":5,"column":44},"end":{"line":5,"column":61}},"2":{"start":{"line":6,"column":17},"end":{"line":6,"column":44}},"3":{"start":{"line":7,"column":23},"end":{"line":9,"column":3}},"4":{"start":{"line":8,"column":4},"end":{"line":8,"column":40}},"5":{"start":{"line":11,"column":2},"end":{"line":16,"column":3}}},"fnMap":{"0":{"name":"(anonymous_0)","decl":{"start":{"line":4,"column":20},"end":{"line":4,"column":21}},"loc":{"start":{"line":4,"column":26},"end":{"line":17,"column":1}},"line":4},"1":{"name":"(anonymous_1)","decl":{"start":{"line":7,"column":23},"end":{"line":7,"column":24}},"loc":{"start":{"line":7,"column":30},"end":{"line":9,"column":3}},"line":7}},"branchMap":{"0":{"loc":{"start":{"line":6,"column":17},"end":{"line":6,"column":44}},"type":"binary-expr","locations":[{"start":{"line":6,"column":17},"end":{"line":6,"column":38}},{"start":{"line":6,"column":42},"end":{"line":6,"column":44}}],"line":6}},"s":{"0":0,"1":0,"2":0,"3":0,"4":0,"5":0},"f":{"0":0,"1":0},"b":{"0":[0,0]}}
,"/Users/jhoancanchila/Documents/fresh-fruit-web/src/components/Navbar/Navbar.jsx": {"path":"/Users/jhoancanchila/Documents/fresh-fruit-web/src/components/Navbar/Navbar.jsx","statementMap":{"0":{"start":{"line":4,"column":15},"end":{"line":16,"column":1}},"1":{"start":{"line":5,"column":2},"end":{"line":15,"column":3}}},"fnMap":{"0":{"name":"(anonymous_0)","decl":{"start":{"line":4,"column":15},"end":{"line":4,"column":16}},"loc":{"start":{"line":4,"column":21},"end":{"line":16,"column":1}},"line":4}},"branchMap":{},"s":{"0":0,"1":0},"f":{"0":0},"b":{}}
,"/Users/jhoancanchila/Documents/fresh-fruit-web/src/customHooks/useFetch.js": {"path":"/Users/jhoancanchila/Documents/fresh-fruit-web/src/customHooks/useFetch.js","statementMap":{"0":{"start":{"line":3,"column":26},"end":{"line":3,"column":40}},"1":{"start":{"line":4,"column":32},"end":{"line":4,"column":46}},"2":{"start":{"line":5,"column":28},"end":{"line":5,"column":42}},"3":{"start":{"line":7,"column":2},"end":{"line":15,"column":9}},"4":{"start":{"line":9,"column":4},"end":{"line":13,"column":40}},"5":{"start":{"line":10,"column":26},"end":{"line":10,"column":41}},"6":{"start":{"line":11,"column":21},"end":{"line":11,"column":33}},"7":{"start":{"line":12,"column":24},"end":{"line":12,"column":39}},"8":{"start":{"line":13,"column":21},"end":{"line":13,"column":38}},"9":{"start":{"line":16,"column":2},"end":{"line":16,"column":34}}},"fnMap":{"0":{"name":"useFetch","decl":{"start":{"line":2,"column":16},"end":{"line":2,"column":24}},"loc":{"start":{"line":2,"column":30},"end":{"line":17,"column":1}},"line":2},"1":{"name":"(anonymous_1)","decl":{"start":{"line":7,"column":12},"end":{"line":7,"column":13}},"loc":{"start":{"line":7,"column":18},"end":{"line":15,"column":3}},"line":7},"2":{"name":"(anonymous_2)","decl":{"start":{"line":10,"column":12},"end":{"line":10,"column":13}},"loc":{"start":{"line":10,"column":26},"end":{"line":10,"column":41}},"line":10},"3":{"name":"(anonymous_3)","decl":{"start":{"line":11,"column":12},"end":{"line":11,"column":13}},"loc":{"start":{"line":11,"column":21},"end":{"line":11,"column":33}},"line":11},"4":{"name":"(anonymous_4)","decl":{"start":{"line":12,"column":13},"end":{"line":12,"column":14}},"loc":{"start":{"line":12,"column":24},"end":{"line":12,"column":39}},"line":12},"5":{"name":"(anonymous_5)","decl":{"start":{"line":13,"column":15},"end":{"line":13,"column":16}},"loc":{"start":{"line":13,"column":21},"end":{"line":13,"column":38}},"line":13}},"branchMap":{},"s":{"0":0,"1":0,"2":0,"3":0,"4":0,"5":0,"6":0,"7":0,"8":0,"9":0},"f":{"0":0,"1":0,"2":0,"3":0,"4":0,"5":0},"b":{}}
,"/Users/jhoancanchila/Documents/fresh-fruit-web/src/pages/Detail/Detail.jsx": {"path":"/Users/jhoancanchila/Documents/fresh-fruit-web/src/pages/Detail/Detail.jsx","statementMap":{"0":{"start":{"line":9,"column":15},"end":{"line":53,"column":1}},"1":{"start":{"line":11,"column":16},"end":{"line":11,"column":27}},"2":{"start":{"line":12,"column":19},"end":{"line":12,"column":71}},"3":{"start":{"line":14,"column":2},"end":{"line":52,"column":3}}},"fnMap":{"0":{"name":"(anonymous_0)","decl":{"start":{"line":9,"column":15},"end":{"line":9,"column":16}},"loc":{"start":{"line":9,"column":21},"end":{"line":53,"column":1}},"line":9}},"branchMap":{"0":{"loc":{"start":{"line":20,"column":13},"end":{"line":20,"column":37}},"type":"binary-expr","locations":[{"start":{"line":20,"column":13},"end":{"line":20,"column":23}},{"start":{"line":20,"column":26},"end":{"line":20,"column":37}}],"line":20},"1":{"loc":{"start":{"line":27,"column":14},"end":{"line":34,"column":54}},"type":"cond-expr","locations":[{"start":{"line":28,"column":14},"end":{"line":32,"column":16}},{"start":{"line":34,"column":14},"end":{"line":34,"column":54}}],"line":27},"2":{"loc":{"start":{"line":41,"column":17},"end":{"line":41,"column":48}},"type":"binary-expr","locations":[{"start":{"line":41,"column":17},"end":{"line":41,"column":34}},{"start":{"line":41,"column":37},"end":{"line":41,"column":48}}],"line":41}},"s":{"0":0,"1":0,"2":0,"3":0},"f":{"0":0},"b":{"0":[0,0],"1":[0,0],"2":[0,0]}}
,"/Users/jhoancanchila/Documents/fresh-fruit-web/src/pages/Fruits/Fruits.jsx": {"path":"/Users/jhoancanchila/Documents/fresh-fruit-web/src/pages/Fruits/Fruits.jsx","statementMap":{"0":{"start":{"line":4,"column":15},"end":{"line":11,"column":1}},"1":{"start":{"line":5,"column":2},"end":{"line":10,"column":3}}},"fnMap":{"0":{"name":"(anonymous_0)","decl":{"start":{"line":4,"column":15},"end":{"line":4,"column":16}},"loc":{"start":{"line":4,"column":21},"end":{"line":11,"column":1}},"line":4}},"branchMap":{},"s":{"0":0,"1":0},"f":{"0":0},"b":{}}
,"/Users/jhoancanchila/Documents/fresh-fruit-web/src/pages/Login/Login.jsx": {"path":"/Users/jhoancanchila/Documents/fresh-fruit-web/src/pages/Login/Login.jsx","statementMap":{"0":{"start":{"line":6,"column":14},"end":{"line":82,"column":1}},"1":{"start":{"line":8,"column":19},"end":{"line":8,"column":137}},"2":{"start":{"line":9,"column":19},"end":{"line":9,"column":32}},"3":{"start":{"line":10,"column":42},"end":{"line":13,"column":4}},"4":{"start":{"line":14,"column":46},"end":{"line":17,"column":4}},"5":{"start":{"line":18,"column":72},"end":{"line":18,"column":84}},"6":{"start":{"line":20,"column":22},"end":{"line":42,"column":3}},"7":{"start":{"line":21,"column":4},"end":{"line":21,"column":38}},"8":{"start":{"line":22,"column":4},"end":{"line":25,"column":7}},"9":{"start":{"line":26,"column":4},"end":{"line":41,"column":5}},"10":{"start":{"line":27,"column":6},"end":{"line":35,"column":7}},"11":{"start":{"line":28,"column":8},"end":{"line":28,"column":85}},"12":{"start":{"line":30,"column":8},"end":{"line":34,"column":9}},"13":{"start":{"line":31,"column":10},"end":{"line":31,"column":30}},"14":{"start":{"line":33,"column":10},"end":{"line":33,"column":94}},"15":{"start":{"line":37,"column":6},"end":{"line":40,"column":8}},"16":{"start":{"line":44,"column":2},"end":{"line":81,"column":3}}},"fnMap":{"0":{"name":"(anonymous_0)","decl":{"start":{"line":6,"column":14},"end":{"line":6,"column":15}},"loc":{"start":{"line":6,"column":20},"end":{"line":82,"column":1}},"line":6},"1":{"name":"(anonymous_1)","decl":{"start":{"line":20,"column":22},"end":{"line":20,"column":23}},"loc":{"start":{"line":20,"column":28},"end":{"line":42,"column":3}},"line":20}},"branchMap":{"0":{"loc":{"start":{"line":26,"column":4},"end":{"line":41,"column":5}},"type":"if","locations":[{"start":{"line":26,"column":4},"end":{"line":41,"column":5}},{"start":{"line":36,"column":9},"end":{"line":41,"column":5}}],"line":26},"1":{"loc":{"start":{"line":26,"column":7},"end":{"line":26,"column":48}},"type":"binary-expr","locations":[{"start":{"line":26,"column":7},"end":{"line":26,"column":24}},{"start":{"line":26,"column":28},"end":{"line":26,"column":48}}],"line":26},"2":{"loc":{"start":{"line":27,"column":6},"end":{"line":35,"column":7}},"type":"if","locations":[{"start":{"line":27,"column":6},"end":{"line":35,"column":7}},{"start":{"line":29,"column":11},"end":{"line":35,"column":7}}],"line":27},"3":{"loc":{"start":{"line":30,"column":8},"end":{"line":34,"column":9}},"type":"if","locations":[{"start":{"line":30,"column":8},"end":{"line":34,"column":9}},{"start":{"line":32,"column":13},"end":{"line":34,"column":9}}],"line":30},"4":{"loc":{"start":{"line":30,"column":11},"end":{"line":30,"column":103}},"type":"binary-expr","locations":[{"start":{"line":30,"column":11},"end":{"line":30,"column":65}},{"start":{"line":30,"column":69},"end":{"line":30,"column":103}}],"line":30},"5":{"loc":{"start":{"line":38,"column":20},"end":{"line":38,"column":61}},"type":"cond-expr","locations":[{"start":{"line":38,"column":40},"end":{"line":38,"column":42}},{"start":{"line":38,"column":45},"end":{"line":38,"column":61}}],"line":38},"6":{"loc":{"start":{"line":39,"column":18},"end":{"line":39,"column":61}},"type":"cond-expr","locations":[{"start":{"line":39,"column":41},"end":{"line":39,"column":43}},{"start":{"line":39,"column":46},"end":{"line":39,"column":61}}],"line":39},"7":{"loc":{"start":{"line":67,"column":12},"end":{"line":68,"column":120}},"type":"binary-expr","locations":[{"start":{"line":67,"column":12},"end":{"line":67,"column":36}},{"start":{"line":68,"column":12},"end":{"line":68,"column":120}}],"line":67},"8":{"loc":{"start":{"line":71,"column":12},"end":{"line":72,"column":119}},"type":"binary-expr","locations":[{"start":{"line":71,"column":12},"end":{"line":71,"column":35}},{"start":{"line":72,"column":12},"end":{"line":72,"column":119}}],"line":71},"9":{"loc":{"start":{"line":75,"column":12},"end":{"line":76,"column":122}},"type":"binary-expr","locations":[{"start":{"line":75,"column":12},"end":{"line":75,"column":38}},{"start":{"line":76,"column":12},"end":{"line":76,"column":122}}],"line":75}},"s":{"0":0,"1":0,"2":0,"3":0,"4":0,"5":0,"6":0,"7":0,"8":0,"9":0,"10":0,"11":0,"12":0,"13":0,"14":0,"15":0,"16":0},"f":{"0":0,"1":0},"b":{"0":[0,0],"1":[0,0],"2":[0,0],"3":[0,0],"4":[0,0],"5":[0,0],"6":[0,0],"7":[0,0],"8":[0,0],"9":[0,0]}}
}
